0 verbose cli C:\Program Files\nodejs\node.exe C:\Users\ihebc\AppData\Roaming\npm\node_modules\npm\bin\npm-cli.js
1 info using npm@10.6.0
2 info using node@v20.14.0
3 silly config:load:file:C:\Users\ihebc\AppData\Roaming\npm\node_modules\npm\npmrc
4 silly config:load:file:C:\Users\ihebc\OneDrive\Desktop\Freelance\ServerGymIheb\.npmrc
5 silly config:load:file:C:\Users\ihebc\.npmrc
6 silly config:load:file:C:\Users\ihebc\AppData\Roaming\npm\etc\npmrc
7 verbose title npm i nodemon
8 verbose argv "i" "nodemon"
9 verbose logfile logs-max:10 dir:C:\Users\ihebc\OneDrive\Desktop\Freelance\ServerGymIheb\clean\_logs\2024-05-28T18_14_19_218Z-
10 verbose logfile C:\Users\ihebc\OneDrive\Desktop\Freelance\ServerGymIheb\clean\_logs\2024-05-28T18_14_19_218Z-debug-0.log
11 silly logfile done cleaning log files
12 silly idealTree buildDeps
13 silly fetch manifest nodemon@*
14 http fetch GET 200 https://registry.npmjs.org/nodemon 718ms (cache miss)
15 silly placeDep ROOT nodemon@3.1.1 OK for: servergym@1.0.0 want: *
16 silly fetch manifest chokidar@^3.5.2
17 silly fetch manifest debug@^4
18 silly fetch manifest ignore-by-default@^1.0.1
19 silly fetch manifest pstree.remy@^1.1.8
20 silly fetch manifest simple-update-notifier@^2.0.0
21 silly fetch manifest supports-color@^5.5.0
22 silly fetch manifest touch@^3.1.0
23 http fetch GET 200 https://registry.npmjs.org/chokidar 230ms (cache miss)
24 silly fetch manifest undefsafe@^2.0.5
25 http fetch GET 200 https://registry.npmjs.org/undefsafe 154ms (cache miss)
26 http fetch GET 200 https://registry.npmjs.org/simple-update-notifier 475ms (cache miss)
27 http fetch GET 200 https://registry.npmjs.org/ignore-by-default 492ms (cache miss)
28 http fetch GET 200 https://registry.npmjs.org/touch 494ms (cache miss)
29 http fetch GET 200 https://registry.npmjs.org/pstree.remy 518ms (cache miss)
30 http fetch GET 200 https://registry.npmjs.org/debug 551ms (cache miss)
31 http fetch GET 200 https://registry.npmjs.org/supports-color 573ms (cache miss)
32 silly placeDep ROOT chokidar@3.6.0 OK for: nodemon@3.1.1 want: ^3.5.2
33 silly placeDep node_modules/nodemon debug@4.3.4 OK for: nodemon@3.1.1 want: ^4
34 silly placeDep ROOT ignore-by-default@1.0.1 OK for: nodemon@3.1.1 want: ^1.0.1
35 silly placeDep ROOT pstree.remy@1.1.8 OK for: nodemon@3.1.1 want: ^1.1.8
36 silly placeDep ROOT simple-update-notifier@2.0.0 OK for: nodemon@3.1.1 want: ^2.0.0
37 silly placeDep ROOT supports-color@5.5.0 OK for: nodemon@3.1.1 want: ^5.5.0
38 silly placeDep ROOT touch@3.1.1 OK for: nodemon@3.1.1 want: ^3.1.0
39 silly placeDep ROOT undefsafe@2.0.5 OK for: nodemon@3.1.1 want: ^2.0.5
40 silly fetch manifest anymatch@~3.1.2
41 silly fetch manifest braces@~3.0.2
42 silly fetch manifest glob-parent@~5.1.2
43 silly fetch manifest is-binary-path@~2.1.0
44 silly fetch manifest is-glob@~4.0.1
45 silly fetch manifest normalize-path@~3.0.0
46 silly fetch manifest readdirp@~3.6.0
47 http fetch GET 200 https://registry.npmjs.org/anymatch 161ms (cache miss)
48 silly fetch manifest fsevents@~2.3.2
49 http fetch GET 200 https://registry.npmjs.org/braces 169ms (cache miss)
50 silly fetch manifest ms@2.1.2
51 http fetch GET 200 https://registry.npmjs.org/is-glob 183ms (cache miss)
52 silly fetch manifest has-flag@^3.0.0
53 http fetch GET 200 https://registry.npmjs.org/glob-parent 185ms (cache miss)
54 http fetch GET 200 https://registry.npmjs.org/normalize-path 192ms (cache miss)
55 http fetch GET 200 https://registry.npmjs.org/readdirp 214ms (cache miss)
56 http fetch GET 200 https://registry.npmjs.org/is-binary-path 221ms (cache miss)
57 http fetch GET 200 https://registry.npmjs.org/fsevents 220ms (cache miss)
58 http fetch GET 200 https://registry.npmjs.org/ms 225ms (cache miss)
59 http fetch GET 200 https://registry.npmjs.org/has-flag 229ms (cache miss)
60 silly placeDep ROOT anymatch@3.1.3 OK for: chokidar@3.6.0 want: ~3.1.2
61 silly placeDep ROOT braces@3.0.3 OK for: chokidar@3.6.0 want: ~3.0.2
62 silly placeDep ROOT fsevents@2.3.3 OK for: chokidar@3.6.0 want: ~2.3.2
63 silly placeDep ROOT glob-parent@5.1.2 OK for: chokidar@3.6.0 want: ~5.1.2
64 silly placeDep ROOT is-binary-path@2.1.0 OK for: chokidar@3.6.0 want: ~2.1.0
65 silly placeDep ROOT is-glob@4.0.3 OK for: chokidar@3.6.0 want: ~4.0.1
66 silly placeDep ROOT normalize-path@3.0.0 OK for: chokidar@3.6.0 want: ~3.0.0
67 silly placeDep ROOT readdirp@3.6.0 OK for: chokidar@3.6.0 want: ~3.6.0
68 silly fetch manifest normalize-path@^3.0.0
69 silly fetch manifest picomatch@^2.0.4
70 silly fetch manifest fill-range@^7.1.1
71 silly fetch manifest is-glob@^4.0.1
72 silly fetch manifest binary-extensions@^2.0.0
73 silly fetch manifest is-extglob@^2.1.1
74 silly fetch manifest picomatch@^2.2.1
75 http fetch GET 200 https://registry.npmjs.org/picomatch 148ms (cache miss)
76 http fetch GET 200 https://registry.npmjs.org/binary-extensions 161ms (cache miss)
77 http fetch GET 200 https://registry.npmjs.org/picomatch 191ms (cache miss)
78 http fetch GET 200 https://registry.npmjs.org/fill-range 220ms (cache miss)
79 http fetch GET 200 https://registry.npmjs.org/is-extglob 224ms (cache miss)
80 silly placeDep ROOT picomatch@2.3.1 OK for: anymatch@3.1.3 want: ^2.0.4
81 silly placeDep ROOT fill-range@7.1.1 OK for: braces@3.0.3 want: ^7.1.1
82 silly fetch manifest to-regex-range@^5.0.1
83 http fetch GET 200 https://registry.npmjs.org/to-regex-range 132ms (cache miss)
84 silly placeDep ROOT to-regex-range@5.0.1 OK for: fill-range@7.1.1 want: ^5.0.1
85 silly fetch manifest is-number@^7.0.0
86 http fetch GET 200 https://registry.npmjs.org/is-number 129ms (cache miss)
87 silly placeDep ROOT binary-extensions@2.3.0 OK for: is-binary-path@2.1.0 want: ^2.0.0
88 silly placeDep ROOT is-extglob@2.1.1 OK for: is-glob@4.0.3 want: ^2.1.1
89 silly placeDep ROOT has-flag@3.0.0 OK for: supports-color@5.5.0 want: ^3.0.0
90 silly placeDep ROOT is-number@7.0.0 OK for: to-regex-range@5.0.1 want: ^7.0.0
91 silly placeDep node_modules/nodemon ms@2.1.2 OK for: debug@4.3.4 want: 2.1.2
92 silly reify moves {}
93 silly audit bulk request {
93 silly audit   '@mapbox/node-pre-gyp': [ '1.0.11' ],
93 silly audit   '@mongodb-js/saslprep': [ '1.1.5' ],
93 silly audit   '@types/body-parser': [ '1.19.5' ],
93 silly audit   '@types/bson': [ '4.2.0' ],
93 silly audit   '@types/connect': [ '3.4.38' ],
93 silly audit   '@types/express': [ '4.17.21' ],
93 silly audit   '@types/express-serve-static-core': [ '4.19.0' ],
93 silly audit   '@types/http-errors': [ '2.0.4' ],
93 silly audit   '@types/mime': [ '1.3.5' ],
93 silly audit   '@types/mongodb': [ '3.6.20' ],
93 silly audit   '@types/multer': [ '1.4.11' ],
93 silly audit   '@types/node': [ '20.12.7' ],
93 silly audit   '@types/pump': [ '1.1.3' ],
93 silly audit   '@types/qs': [ '6.9.15' ],
93 silly audit   '@types/range-parser': [ '1.2.7' ],
93 silly audit   '@types/send': [ '0.17.4' ],
93 silly audit   '@types/serve-static': [ '1.15.7' ],
93 silly audit   '@types/webidl-conversions': [ '7.0.3' ],
93 silly audit   '@types/whatwg-url': [ '11.0.4' ],
93 silly audit   abbrev: [ '1.1.1' ],
93 silly audit   accepts: [ '1.3.8' ],
93 silly audit   'agent-base': [ '6.0.2' ],
93 silly audit   debug: [ '4.3.4', '2.6.9' ],
93 silly audit   ms: [ '2.1.2', '2.1.3', '2.0.0' ],
93 silly audit   'ansi-regex': [ '5.0.1' ],
93 silly audit   'append-field': [ '1.0.0' ],
93 silly audit   aproba: [ '2.0.0' ],
93 silly audit   'are-we-there-yet': [ '2.0.0' ],
93 silly audit   'readable-stream': [ '3.6.2', '2.3.8', '1.1.14' ],
93 silly audit   string_decoder: [ '1.3.0', '1.1.1', '0.10.31' ],
93 silly audit   'array-flatten': [ '1.1.1' ],
93 silly audit   'balanced-match': [ '1.0.2' ],
93 silly audit   'basic-auth': [ '2.0.1' ],
93 silly audit   'safe-buffer': [ '5.1.2', '5.2.1' ],
93 silly audit   bcrypt: [ '5.1.1' ],
93 silly audit   'body-parser': [ '1.20.2' ],
93 silly audit   'brace-expansion': [ '1.1.11' ],
93 silly audit   bson: [ '6.6.0' ],
93 silly audit   'buffer-equal-constant-time': [ '1.0.1' ],
93 silly audit   'buffer-from': [ '1.1.2' ],
93 silly audit   busboy: [ '0.2.14' ],
93 silly audit   bytes: [ '3.1.2' ],
93 silly audit   'call-bind': [ '1.0.7' ],
93 silly audit   chownr: [ '2.0.0' ],
93 silly audit   'color-support': [ '1.1.3' ],
93 silly audit   'concat-map': [ '0.0.1' ],
93 silly audit   'concat-stream': [ '1.6.2' ],
93 silly audit   isarray: [ '1.0.0', '0.0.1' ],
93 silly audit   'console-control-strings': [ '1.1.0' ],
93 silly audit   'content-disposition': [ '0.5.4' ],
93 silly audit   'content-type': [ '1.0.5' ],
93 silly audit   cookie: [ '0.6.0' ],
93 silly audit   'cookie-signature': [ '1.0.6' ],
93 silly audit   'core-util-is': [ '1.0.3' ],
93 silly audit   cors: [ '2.8.5' ],
93 silly audit   'define-data-property': [ '1.1.4' ],
93 silly audit   delegates: [ '1.0.0' ],
93 silly audit   depd: [ '2.0.0' ],
93 silly audit   destroy: [ '1.2.0' ],
93 silly audit   'detect-libc': [ '2.0.3' ],
93 silly audit   dicer: [ '0.2.5' ],
93 silly audit   dotenv: [ '16.4.5' ],
93 silly audit   'ecdsa-sig-formatter': [ '1.0.11' ],
93 silly audit   'ee-first': [ '1.1.1' ],
93 silly audit   'emoji-regex': [ '8.0.0' ],
93 silly audit   encodeurl: [ '1.0.2' ],
93 silly audit   'end-of-stream': [ '1.4.4' ],
93 silly audit   'es-define-property': [ '1.0.0' ],
93 silly audit   'es-errors': [ '1.3.0' ],
93 silly audit   'escape-html': [ '1.0.3' ],
93 silly audit   etag: [ '1.8.1' ],
93 silly audit   express: [ '4.19.2' ],
93 silly audit   finalhandler: [ '1.2.0' ],
93 silly audit   flushwritable: [ '1.0.0' ],
93 silly audit   forwarded: [ '0.2.0' ],
93 silly audit   fresh: [ '0.5.2' ],
93 silly audit   'fs-minipass': [ '2.1.0' ],
93 silly audit   minipass: [ '3.3.6', '5.0.0' ],
93 silly audit   'fs.realpath': [ '1.0.0' ],
93 silly audit   'function-bind': [ '1.1.2' ],
93 silly audit   gauge: [ '3.0.2' ],
93 silly audit   'get-intrinsic': [ '1.2.4' ],
93 silly audit   glob: [ '7.2.3' ],
93 silly audit   gopd: [ '1.0.1' ],
93 silly audit   'gridfs-stream': [ '1.1.1' ],
93 silly audit   'has-own-prop': [ '2.0.0' ],
93 silly audit   'has-property-descriptors': [ '1.0.2' ],
93 silly audit   'has-proto': [ '1.0.3' ],
93 silly audit   'has-symbols': [ '1.0.3' ],
93 silly audit   'has-unicode': [ '2.0.1' ],
93 silly audit   hasown: [ '2.0.2' ],
93 silly audit   helmet: [ '7.1.0' ],
93 silly audit   'http-errors': [ '2.0.0' ],
93 silly audit   'https-proxy-agent': [ '5.0.1' ],
93 silly audit   'iconv-lite': [ '0.4.24' ],
93 silly audit   inflight: [ '1.0.6' ],
93 silly audit   inherits: [ '2.0.4' ],
93 silly audit   'ipaddr.js': [ '1.9.1' ],
93 silly audit   'is-fullwidth-code-point': [ '3.0.0' ],
93 silly audit   'is-generator': [ '1.0.3' ],
93 silly audit   'is-promise': [ '4.0.0' ],
93 silly audit   jsonwebtoken: [ '9.0.2' ],
93 silly audit   jwa: [ '1.4.1' ],
93 silly audit   jws: [ '3.2.2' ],
93 silly audit   kareem: [ '2.6.3' ],
93 silly audit   'lodash.includes': [ '4.3.0' ],
93 silly audit   'lodash.isboolean': [ '3.0.3' ],
93 silly audit   'lodash.isinteger': [ '4.0.4' ],
93 silly audit   'lodash.isnumber': [ '3.0.3' ],
93 silly audit   'lodash.isplainobject': [ '4.0.6' ],
93 silly audit   'lodash.isstring': [ '4.0.1' ],
93 silly audit   'lodash.once': [ '4.1.1' ],
93 silly audit   'lru-cache': [ '6.0.0' ],
93 silly audit   'make-dir': [ '3.1.0' ],
93 silly audit   semver: [ '6.3.1', '7.6.0' ],
93 silly audit   'media-typer': [ '0.3.0' ],
93 silly audit   'memory-pager': [ '1.5.0' ],
93 silly audit   'merge-descriptors': [ '1.0.1' ],
93 silly audit   methods: [ '1.1.2' ],
93 silly audit   mime: [ '1.6.0' ],
93 silly audit   'mime-db': [ '1.52.0' ],
93 silly audit   'mime-types': [ '2.1.35' ],
93 silly audit   minimatch: [ '3.1.2' ],
93 silly audit   minimist: [ '1.2.8' ],
93 silly audit   minizlib: [ '2.1.2' ],
93 silly audit   mkdirp: [ '0.5.6', '1.0.4' ],
93 silly audit   mongodb: [ '6.5.0' ],
93 silly audit   'mongodb-connection-string-url': [ '3.0.0' ],
93 silly audit   'mongodb-uri': [ '0.9.7' ],
93 silly audit   mongoose: [ '8.3.2' ],
93 silly audit   morgan: [ '1.10.0' ],
93 silly audit   'on-finished': [ '2.3.0', '2.4.1' ],
93 silly audit   mpath: [ '0.9.0' ],
93 silly audit   mquery: [ '5.0.0' ],
93 silly audit   multer: [ '1.4.4' ],
93 silly audit   'multer-gridfs-storage': [ '5.0.2' ],
93 silly audit   negotiator: [ '0.6.3' ],
93 silly audit   'node-addon-api': [ '5.1.0' ],
93 silly audit   'node-fetch': [ '2.7.0' ],
93 silly audit   tr46: [ '0.0.3', '4.1.1' ],
93 silly audit   'webidl-conversions': [ '3.0.1', '7.0.0' ],
93 silly audit   'whatwg-url': [ '5.0.0', '13.0.0' ],
93 silly audit   nopt: [ '5.0.0' ],
93 silly audit   npmlog: [ '5.0.1' ],
93 silly audit   'object-assign': [ '4.1.1' ],
93 silly audit   'object-inspect': [ '1.13.1' ],
93 silly audit   'on-headers': [ '1.0.2' ],
93 silly audit   once: [ '1.4.0' ],
93 silly audit   parseurl: [ '1.3.3' ],
93 silly audit   'path-is-absolute': [ '1.0.1' ],
93 silly audit   'path-to-regexp': [ '0.1.7' ],
93 silly audit   'process-nextick-args': [ '2.0.1' ],
93 silly audit   'proxy-addr': [ '2.0.7' ],
93 silly audit   pump: [ '3.0.0' ],
93 silly audit   punycode: [ '2.3.1' ],
93 silly audit   qs: [ '6.11.0' ],
93 silly audit   'range-parser': [ '1.2.1' ],
93 silly audit   'raw-body': [ '2.5.2' ],
93 silly audit   rimraf: [ '3.0.2' ],
93 silly audit   'safer-buffer': [ '2.1.2' ],
93 silly audit   send: [ '0.18.0' ],
93 silly audit   'serve-static': [ '1.15.0' ],
93 silly audit   'set-blocking': [ '2.0.0' ],
93 silly audit   'set-function-length': [ '1.2.2' ],
93 silly audit   setprototypeof: [ '1.2.0' ],
93 silly audit   'side-channel': [ '1.0.6' ],
93 silly audit   sift: [ '16.0.1' ],
93 silly audit   'signal-exit': [ '3.0.7' ],
93 silly audit   'sparse-bitfield': [ '3.0.3' ],
93 silly audit   statuses: [ '2.0.1' ],
93 silly audit   streamsearch: [ '0.1.2' ],
93 silly audit   'string-width': [ '4.2.3' ],
93 silly audit   'strip-ansi': [ '6.0.1' ],
93 silly audit   tar: [ '6.2.1' ],
93 silly audit   toidentifier: [ '1.0.1' ],
93 silly audit   'type-is': [ '1.6.18' ],
93 silly audit   typedarray: [ '0.0.6' ],
93 silly audit   'undici-types': [ '5.26.5' ],
93 silly audit   unpipe: [ '1.0.0' ],
93 silly audit   'util-deprecate': [ '1.0.2' ],
93 silly audit   'utils-merge': [ '1.0.1' ],
93 silly audit   vary: [ '1.1.2' ],
93 silly audit   'wide-align': [ '1.1.5' ],
93 silly audit   wrappy: [ '1.0.2' ],
93 silly audit   xtend: [ '4.0.2' ],
93 silly audit   yallist: [ '4.0.0' ],
93 silly audit   nodemon: [ '3.1.1' ],
93 silly audit   chokidar: [ '3.6.0' ],
93 silly audit   'ignore-by-default': [ '1.0.1' ],
93 silly audit   'pstree.remy': [ '1.1.8' ],
93 silly audit   'simple-update-notifier': [ '2.0.0' ],
93 silly audit   'supports-color': [ '5.5.0' ],
93 silly audit   touch: [ '3.1.1' ],
93 silly audit   undefsafe: [ '2.0.5' ],
93 silly audit   anymatch: [ '3.1.3' ],
93 silly audit   braces: [ '3.0.3' ],
93 silly audit   fsevents: [ '2.3.3' ],
93 silly audit   'glob-parent': [ '5.1.2' ],
93 silly audit   'is-binary-path': [ '2.1.0' ],
93 silly audit   'is-glob': [ '4.0.3' ],
93 silly audit   'normalize-path': [ '3.0.0' ],
93 silly audit   readdirp: [ '3.6.0' ],
93 silly audit   picomatch: [ '2.3.1' ],
93 silly audit   'fill-range': [ '7.1.1' ],
93 silly audit   'to-regex-range': [ '5.0.1' ],
93 silly audit   'binary-extensions': [ '2.3.0' ],
93 silly audit   'is-extglob': [ '2.1.1' ],
93 silly audit   'has-flag': [ '3.0.0' ],
93 silly audit   'is-number': [ '7.0.0' ]
93 silly audit }
94 verbose reify failed optional dependency C:\Users\ihebc\OneDrive\Desktop\Freelance\ServerGymIheb\node_modules\fsevents
95 silly reify mark deleted [
95 silly reify   'C:\\Users\\ihebc\\OneDrive\\Desktop\\Freelance\\ServerGymIheb\\node_modules\\fsevents'
95 silly reify ]
96 silly tarball no local data for has-flag@https://registry.npmjs.org/has-flag/-/has-flag-3.0.0.tgz. Extracting by manifest.
97 silly tarball no local data for is-number@https://registry.npmjs.org/is-number/-/is-number-7.0.0.tgz. Extracting by manifest.
98 silly tarball no local data for binary-extensions@https://registry.npmjs.org/binary-extensions/-/binary-extensions-2.3.0.tgz. Extracting by manifest.
99 silly tarball no local data for is-extglob@https://registry.npmjs.org/is-extglob/-/is-extglob-2.1.1.tgz. Extracting by manifest.
100 silly tarball no local data for to-regex-range@https://registry.npmjs.org/to-regex-range/-/to-regex-range-5.0.1.tgz. Extracting by manifest.
101 silly tarball no local data for picomatch@https://registry.npmjs.org/picomatch/-/picomatch-2.3.1.tgz. Extracting by manifest.
102 silly tarball no local data for fill-range@https://registry.npmjs.org/fill-range/-/fill-range-7.1.1.tgz. Extracting by manifest.
103 silly tarball no local data for readdirp@https://registry.npmjs.org/readdirp/-/readdirp-3.6.0.tgz. Extracting by manifest.
104 silly tarball no local data for normalize-path@https://registry.npmjs.org/normalize-path/-/normalize-path-3.0.0.tgz. Extracting by manifest.
105 silly tarball no local data for is-glob@https://registry.npmjs.org/is-glob/-/is-glob-4.0.3.tgz. Extracting by manifest.
106 silly tarball no local data for is-binary-path@https://registry.npmjs.org/is-binary-path/-/is-binary-path-2.1.0.tgz. Extracting by manifest.
107 silly tarball no local data for glob-parent@https://registry.npmjs.org/glob-parent/-/glob-parent-5.1.2.tgz. Extracting by manifest.
108 silly tarball no local data for anymatch@https://registry.npmjs.org/anymatch/-/anymatch-3.1.3.tgz. Extracting by manifest.
109 silly tarball no local data for braces@https://registry.npmjs.org/braces/-/braces-3.0.3.tgz. Extracting by manifest.
110 silly tarball no local data for undefsafe@https://registry.npmjs.org/undefsafe/-/undefsafe-2.0.5.tgz. Extracting by manifest.
111 silly tarball no local data for supports-color@https://registry.npmjs.org/supports-color/-/supports-color-5.5.0.tgz. Extracting by manifest.
112 silly tarball no local data for simple-update-notifier@https://registry.npmjs.org/simple-update-notifier/-/simple-update-notifier-2.0.0.tgz. Extracting by manifest.
113 silly tarball no local data for touch@https://registry.npmjs.org/touch/-/touch-3.1.1.tgz. Extracting by manifest.
114 silly tarball no local data for pstree.remy@https://registry.npmjs.org/pstree.remy/-/pstree.remy-1.1.8.tgz. Extracting by manifest.
115 silly tarball no local data for ignore-by-default@https://registry.npmjs.org/ignore-by-default/-/ignore-by-default-1.0.1.tgz. Extracting by manifest.
116 silly tarball no local data for chokidar@https://registry.npmjs.org/chokidar/-/chokidar-3.6.0.tgz. Extracting by manifest.
117 silly tarball no local data for nodemon@https://registry.npmjs.org/nodemon/-/nodemon-3.1.1.tgz. Extracting by manifest.
118 http fetch GET 200 https://registry.npmjs.org/has-flag/-/has-flag-3.0.0.tgz 157ms (cache miss)
119 http fetch GET 200 https://registry.npmjs.org/binary-extensions/-/binary-extensions-2.3.0.tgz 177ms (cache miss)
120 http fetch GET 200 https://registry.npmjs.org/is-number/-/is-number-7.0.0.tgz 195ms (cache miss)
121 http fetch GET 200 https://registry.npmjs.org/to-regex-range/-/to-regex-range-5.0.1.tgz 194ms (cache miss)
122 http fetch GET 200 https://registry.npmjs.org/is-extglob/-/is-extglob-2.1.1.tgz 197ms (cache miss)
123 http fetch GET 200 https://registry.npmjs.org/picomatch/-/picomatch-2.3.1.tgz 209ms (cache miss)
124 http fetch GET 200 https://registry.npmjs.org/undefsafe/-/undefsafe-2.0.5.tgz 256ms (cache miss)
125 http fetch GET 200 https://registry.npmjs.org/supports-color/-/supports-color-5.5.0.tgz 280ms (cache miss)
126 http fetch POST 200 https://registry.npmjs.org/-/npm/v1/security/advisories/bulk 339ms
127 silly audit report {
127 silly audit report   dicer: [
127 silly audit report     {
127 silly audit report       id: 1093150,
127 silly audit report       url: 'https://github.com/advisories/GHSA-wm7h-9275-46v2',
127 silly audit report       title: 'Crash in HeaderParser in dicer',
127 silly audit report       severity: 'high',
127 silly audit report       vulnerable_versions: '<=0.3.1',
127 silly audit report       cwe: [Array],
127 silly audit report       cvss: [Object]
127 silly audit report     }
127 silly audit report   ]
127 silly audit report }
128 http fetch GET 200 https://registry.npmjs.org/dicer 56ms (cache hit)
129 http fetch GET 200 https://registry.npmjs.org/simple-update-notifier/-/simple-update-notifier-2.0.0.tgz 358ms (cache miss)
130 http fetch GET 200 https://registry.npmjs.org/ignore-by-default/-/ignore-by-default-1.0.1.tgz 367ms (cache miss)
131 http fetch GET 200 https://registry.npmjs.org/touch/-/touch-3.1.1.tgz 373ms (cache miss)
132 http fetch GET 200 https://registry.npmjs.org/busboy 22ms (cache hit)
133 http fetch GET 200 https://registry.npmjs.org/multer 11ms (cache hit)
134 http fetch GET 200 https://registry.npmjs.org/pstree.remy/-/pstree.remy-1.1.8.tgz 406ms (cache miss)
135 http fetch GET 200 https://registry.npmjs.org/chokidar/-/chokidar-3.6.0.tgz 435ms (cache miss)
136 http fetch GET 200 https://registry.npmjs.org/fill-range/-/fill-range-7.1.1.tgz 523ms (cache miss)
137 http fetch GET 200 https://registry.npmjs.org/anymatch/-/anymatch-3.1.3.tgz 519ms (cache miss)
138 http fetch GET 200 https://registry.npmjs.org/is-binary-path/-/is-binary-path-2.1.0.tgz 555ms (cache miss)
139 http fetch GET 200 https://registry.npmjs.org/normalize-path/-/normalize-path-3.0.0.tgz 558ms (cache miss)
140 http fetch GET 200 https://registry.npmjs.org/glob-parent/-/glob-parent-5.1.2.tgz 558ms (cache miss)
141 http fetch GET 200 https://registry.npmjs.org/is-glob/-/is-glob-4.0.3.tgz 559ms (cache miss)
142 http fetch GET 200 https://registry.npmjs.org/nodemon/-/nodemon-3.1.1.tgz 551ms (cache miss)
143 http fetch GET 200 https://registry.npmjs.org/readdirp/-/readdirp-3.6.0.tgz 567ms (cache miss)
144 http fetch GET 200 https://registry.npmjs.org/braces/-/braces-3.0.3.tgz 562ms (cache miss)
145 silly ADD node_modules/is-number
146 silly ADD node_modules/has-flag
147 silly ADD node_modules/is-extglob
148 silly ADD node_modules/binary-extensions
149 silly ADD node_modules/to-regex-range
150 silly ADD node_modules/fill-range
151 silly ADD node_modules/picomatch
152 silly ADD node_modules/readdirp
153 silly ADD node_modules/normalize-path
154 silly ADD node_modules/is-glob
155 silly ADD node_modules/is-binary-path
156 silly ADD node_modules/glob-parent
157 silly ADD
158 silly ADD node_modules/braces
159 silly ADD node_modules/anymatch
160 silly ADD node_modules/undefsafe
161 silly ADD node_modules/touch
162 silly ADD node_modules/supports-color
163 silly ADD node_modules/simple-update-notifier
164 silly ADD node_modules/pstree.remy
165 silly ADD node_modules/ignore-by-default
166 silly ADD node_modules/chokidar
167 silly ADD node_modules/nodemon
168 silly ADD node_modules/nodemon/node_modules/ms
169 silly ADD node_modules/nodemon/node_modules/debug
170 verbose exit 0
171 info ok
